<testsuites>
<testsuite errors="1" failures="0" hostname="hooch" name="pytest" skipped="1" tests="3" time="0.025" timestamp="2020-02-05T10:52:33.843536">
<testcase classname="test_x" file="test_x.py" line="7" name="test_comp_1" time="0.000"/>
<testcase classname="test_x" file="test_x.py" line="10" name="test_comp_2" time="0.000">
<skipped message="unconditional skip" type="pytest.skip">test_x.py:11: unconditional skip</skipped>
<error message="test teardown failure">
@pytest.fixture(scope="module") def compb(): yield > raise PermissionError E PermissionError test_x.py:6: PermissionError
</error>
</testcase>
</testsuite>
</testsuites>
